Train dataset length: 1482
Validation dataset length: 495
Operation device: cuda
Epoch: [0]  [  0/247]  eta: 0:11:54  lr: 0.000025  loss: 2.7858 (2.7858)  loss_classifier: 2.0024 (2.0024)  loss_box_reg: 0.0437 (0.0437)  loss_objectness: 0.6149 (0.6149)  loss_rpn_box_reg: 0.1248 (0.1248)  time: 2.8917  data: 0.2833  max mem: 9286
Epoch: [0]  [ 10/247]  eta: 0:04:05  lr: 0.000228  loss: 2.7449 (2.7486)  loss_classifier: 1.9145 (1.8309)  loss_box_reg: 0.0763 (0.0718)  loss_objectness: 0.7212 (0.7182)  loss_rpn_box_reg: 0.1199 (0.1277)  time: 1.0358  data: 0.0400  max mem: 9569
Epoch: [0]  [ 20/247]  eta: 0:03:35  lr: 0.000431  loss: 2.3343 (2.1330)  loss_classifier: 1.3018 (1.3044)  loss_box_reg: 0.0848 (0.0878)  loss_objectness: 0.6119 (0.6084)  loss_rpn_box_reg: 0.1199 (0.1324)  time: 0.8504  data: 0.0157  max mem: 9569
Epoch: [0]  [ 30/247]  eta: 0:03:19  lr: 0.000634  loss: 0.7426 (1.6312)  loss_classifier: 0.2846 (0.9457)  loss_box_reg: 0.0989 (0.0925)  loss_objectness: 0.2933 (0.4766)  loss_rpn_box_reg: 0.0856 (0.1164)  time: 0.8527  data: 0.0156  max mem: 9569
Epoch: [0]  [ 40/247]  eta: 0:03:06  lr: 0.000837  loss: 0.5213 (1.3854)  loss_classifier: 0.1672 (0.7574)  loss_box_reg: 0.0912 (0.0931)  loss_objectness: 0.1462 (0.4163)  loss_rpn_box_reg: 0.0765 (0.1186)  time: 0.8527  data: 0.0155  max mem: 9569
Epoch: [0]  [ 50/247]  eta: 0:02:55  lr: 0.001041  loss: 0.5643 (1.2330)  loss_classifier: 0.1976 (0.6529)  loss_box_reg: 0.1091 (0.1000)  loss_objectness: 0.1245 (0.3669)  loss_rpn_box_reg: 0.0765 (0.1131)  time: 0.8526  data: 0.0154  max mem: 9569
Epoch: [0]  [ 60/247]  eta: 0:02:45  lr: 0.001244  loss: 0.5230 (1.1171)  loss_classifier: 0.2146 (0.5804)  loss_box_reg: 0.1341 (0.1071)  loss_objectness: 0.1053 (0.3219)  loss_rpn_box_reg: 0.0620 (0.1078)  time: 0.8537  data: 0.0154  max mem: 9569
Epoch: [0]  [ 70/247]  eta: 0:02:35  lr: 0.001447  loss: 0.4602 (1.0196)  loss_classifier: 0.1754 (0.5201)  loss_box_reg: 0.1235 (0.1096)  loss_objectness: 0.0694 (0.2890)  loss_rpn_box_reg: 0.0560 (0.1009)  time: 0.8537  data: 0.0153  max mem: 9569
Epoch: [0]  [ 80/247]  eta: 0:02:26  lr: 0.001650  loss: 0.4320 (0.9558)  loss_classifier: 0.1490 (0.4758)  loss_box_reg: 0.1235 (0.1131)  loss_objectness: 0.0678 (0.2669)  loss_rpn_box_reg: 0.0594 (0.1001)  time: 0.8557  data: 0.0154  max mem: 9569
Epoch: [0]  [ 90/247]  eta: 0:02:17  lr: 0.001853  loss: 0.4981 (0.9051)  loss_classifier: 0.1561 (0.4419)  loss_box_reg: 0.1395 (0.1170)  loss_objectness: 0.0902 (0.2492)  loss_rpn_box_reg: 0.0666 (0.0972)  time: 0.8564  data: 0.0154  max mem: 9569
Epoch: [0]  [100/247]  eta: 0:02:08  lr: 0.002056  loss: 0.4670 (0.8615)  loss_classifier: 0.1573 (0.4135)  loss_box_reg: 0.1500 (0.1194)  loss_objectness: 0.0815 (0.2316)  loss_rpn_box_reg: 0.0689 (0.0970)  time: 0.8553  data: 0.0153  max mem: 9569
Epoch: [0]  [110/247]  eta: 0:01:59  lr: 0.002259  loss: 0.4304 (0.8233)  loss_classifier: 0.1555 (0.3902)  loss_box_reg: 0.1500 (0.1222)  loss_objectness: 0.0680 (0.2171)  loss_rpn_box_reg: 0.0503 (0.0937)  time: 0.8560  data: 0.0153  max mem: 9569
Epoch: [0]  [120/247]  eta: 0:01:50  lr: 0.002462  loss: 0.4544 (0.7899)  loss_classifier: 0.1555 (0.3708)  loss_box_reg: 0.1448 (0.1241)  loss_objectness: 0.0586 (0.2041)  loss_rpn_box_reg: 0.0503 (0.0909)  time: 0.8585  data: 0.0153  max mem: 9569
Epoch: [0]  [130/247]  eta: 0:01:41  lr: 0.002665  loss: 0.4544 (0.7639)  loss_classifier: 0.1548 (0.3556)  loss_box_reg: 0.1563 (0.1280)  loss_objectness: 0.0421 (0.1919)  loss_rpn_box_reg: 0.0558 (0.0884)  time: 0.8586  data: 0.0153  max mem: 9569
Epoch: [0]  [140/247]  eta: 0:01:32  lr: 0.002868  loss: 0.4129 (0.7415)  loss_classifier: 0.1461 (0.3418)  loss_box_reg: 0.1752 (0.1313)  loss_objectness: 0.0405 (0.1820)  loss_rpn_box_reg: 0.0526 (0.0864)  time: 0.8551  data: 0.0153  max mem: 9569
Epoch: [0]  [150/247]  eta: 0:01:24  lr: 0.003071  loss: 0.4075 (0.7198)  loss_classifier: 0.1461 (0.3286)  loss_box_reg: 0.1801 (0.1334)  loss_objectness: 0.0343 (0.1735)  loss_rpn_box_reg: 0.0462 (0.0843)  time: 0.8547  data: 0.0153  max mem: 9569
Epoch: [0]  [160/247]  eta: 0:01:15  lr: 0.003274  loss: 0.3807 (0.7010)  loss_classifier: 0.1270 (0.3169)  loss_box_reg: 0.1444 (0.1353)  loss_objectness: 0.0360 (0.1656)  loss_rpn_box_reg: 0.0495 (0.0832)  time: 0.8574  data: 0.0153  max mem: 9569
Epoch: [0]  [170/247]  eta: 0:01:06  lr: 0.003477  loss: 0.3807 (0.6850)  loss_classifier: 0.1270 (0.3072)  loss_box_reg: 0.1573 (0.1377)  loss_objectness: 0.0361 (0.1584)  loss_rpn_box_reg: 0.0505 (0.0817)  time: 0.8590  data: 0.0153  max mem: 9569
Epoch: [0]  [180/247]  eta: 0:00:58  lr: 0.003680  loss: 0.3884 (0.6703)  loss_classifier: 0.1297 (0.2978)  loss_box_reg: 0.1590 (0.1392)  loss_objectness: 0.0347 (0.1521)  loss_rpn_box_reg: 0.0544 (0.0813)  time: 0.8570  data: 0.0153  max mem: 9569
Epoch: [0]  [190/247]  eta: 0:00:49  lr: 0.003883  loss: 0.3810 (0.6576)  loss_classifier: 0.1367 (0.2900)  loss_box_reg: 0.1525 (0.1409)  loss_objectness: 0.0289 (0.1462)  loss_rpn_box_reg: 0.0568 (0.0805)  time: 0.8550  data: 0.0154  max mem: 9569
Epoch: [0]  [200/247]  eta: 0:00:40  lr: 0.004086  loss: 0.3622 (0.6422)  loss_classifier: 0.1218 (0.2814)  loss_box_reg: 0.1458 (0.1410)  loss_objectness: 0.0322 (0.1406)  loss_rpn_box_reg: 0.0507 (0.0792)  time: 0.8562  data: 0.0154  max mem: 9569
Epoch: [0]  [210/247]  eta: 0:00:31  lr: 0.004289  loss: 0.4032 (0.6338)  loss_classifier: 0.1457 (0.2763)  loss_box_reg: 0.1667 (0.1436)  loss_objectness: 0.0370 (0.1360)  loss_rpn_box_reg: 0.0466 (0.0780)  time: 0.8556  data: 0.0153  max mem: 9569
Epoch: [0]  [220/247]  eta: 0:00:23  lr: 0.004492  loss: 0.4134 (0.6249)  loss_classifier: 0.1481 (0.2707)  loss_box_reg: 0.1667 (0.1448)  loss_objectness: 0.0416 (0.1323)  loss_rpn_box_reg: 0.0517 (0.0772)  time: 0.8571  data: 0.0153  max mem: 9569
Epoch: [0]  [230/247]  eta: 0:00:14  lr: 0.004695  loss: 0.3930 (0.6149)  loss_classifier: 0.1356 (0.2650)  loss_box_reg: 0.1459 (0.1455)  loss_objectness: 0.0323 (0.1282)  loss_rpn_box_reg: 0.0565 (0.0763)  time: 0.8575  data: 0.0153  max mem: 9569
Epoch: [0]  [240/247]  eta: 0:00:06  lr: 0.004898  loss: 0.3982 (0.6063)  loss_classifier: 0.1408 (0.2598)  loss_box_reg: 0.1663 (0.1466)  loss_objectness: 0.0299 (0.1244)  loss_rpn_box_reg: 0.0503 (0.0755)  time: 0.8574  data: 0.0153  max mem: 9569
Epoch: [0]  [246/247]  eta: 0:00:00  lr: 0.005000  loss: 0.4383 (0.6021)  loss_classifier: 0.1441 (0.2572)  loss_box_reg: 0.1848 (0.1475)  loss_objectness: 0.0301 (0.1226)  loss_rpn_box_reg: 0.0497 (0.0748)  time: 0.8561  data: 0.0153  max mem: 9569
Epoch: [0] Total time: 0:03:33 (0.8639 s / it)
creating index...
index created!
Test:  [  0/248]  eta: 0:01:27  model_time: 0.1905 (0.1905)  evaluator_time: 0.0073 (0.0073)  time: 0.3523  data: 0.1528  max mem: 9569
Test:  [100/248]  eta: 0:00:27  model_time: 0.1709 (0.1717)  evaluator_time: 0.0049 (0.0048)  time: 0.1832  data: 0.0055  max mem: 9569
Test:  [200/248]  eta: 0:00:08  model_time: 0.1706 (0.1717)  evaluator_time: 0.0050 (0.0049)  time: 0.1835  data: 0.0054  max mem: 9569
Test:  [247/248]  eta: 0:00:00  model_time: 0.1706 (0.1713)  evaluator_time: 0.0041 (0.0049)  time: 0.1797  data: 0.0053  max mem: 9569
Test: Total time: 0:00:45 (0.1838 s / it)
Averaged stats: model_time: 0.1706 (0.1713)  evaluator_time: 0.0041 (0.0049)
Accumulating evaluation results...
DONE (t=0.31s).
IoU metric: bbox
 Average Precision  (AP) @[ IoU=0.50:0.95 | area=   all | maxDets=100 ] = 0.250
 Average Precision  (AP) @[ IoU=0.50      | area=   all | maxDets=100 ] = 0.521
 Average Precision  (AP) @[ IoU=0.75      | area=   all | maxDets=100 ] = 0.216
 Average Precision  (AP) @[ IoU=0.50:0.95 | area= small | maxDets=100 ] = 0.112
 Average Precision  (AP) @[ IoU=0.50:0.95 | area=medium | maxDets=100 ] = 0.191
 Average Precision  (AP) @[ IoU=0.50:0.95 | area= large | maxDets=100 ] = 0.280
 Average Recall     (AR) @[ IoU=0.50:0.95 | area=   all | maxDets=  1 ] = 0.255
 Average Recall     (AR) @[ IoU=0.50:0.95 | area=   all | maxDets= 10 ] = 0.429
 Average Recall     (AR) @[ IoU=0.50:0.95 | area=   all | maxDets=100 ] = 0.445
 Average Recall     (AR) @[ IoU=0.50:0.95 | area= small | maxDets=100 ] = 0.246
 Average Recall     (AR) @[ IoU=0.50:0.95 | area=medium | maxDets=100 ] = 0.376
 Average Recall     (AR) @[ IoU=0.50:0.95 | area= large | maxDets=100 ] = 0.458
